d:\p4\personal\sd\simpleminer\temporary\simpleminer_x64_release\vc143.pdb
d:\p4\personal\sd\simpleminer\temporary\simpleminer_x64_release\world.obj
d:\p4\personal\sd\simpleminer\temporary\simpleminer_x64_release\game.obj
d:\p4\personal\sd\simpleminer\temporary\simpleminer_x64_release\app.obj
d:\p4\personal\sd\simpleminer\temporary\simpleminer_x64_release\prop.obj
d:\p4\personal\sd\simpleminer\temporary\simpleminer_x64_release\player.obj
d:\p4\personal\sd\simpleminer\temporary\simpleminer_x64_release\main_windows.obj
d:\p4\personal\sd\simpleminer\temporary\simpleminer_x64_release\gamecommon.obj
d:\p4\personal\sd\simpleminer\temporary\simpleminer_x64_release\entity.obj
d:\p4\personal\sd\simpleminer\temporary\simpleminer_x64_release\simpleminer_release_x64.exe
d:\p4\personal\sd\simpleminer\temporary\simpleminer_x64_release\simpleminer_release_x64.pdb
d:\p4\personal\sd\simpleminer\temporary\simpleminer_x64_release\simpleminer_release_x64.ipdb
d:\p4\personal\sd\simpleminer\temporary\simpleminer_x64_release\simpleminer_release_x64.iobj
d:\p4\personal\sd\simpleminer\temporary\simpleminer_x64_release\game.vcxproj.filelistabsolute.txt
d:\p4\personal\sd\simpleminer\temporary\simpleminer_x64_release\simpleminer.tlog\cl.command.1.tlog
d:\p4\personal\sd\simpleminer\temporary\simpleminer_x64_release\simpleminer.tlog\cl.items.tlog
d:\p4\personal\sd\simpleminer\temporary\simpleminer_x64_release\simpleminer.tlog\cl.read.1.tlog
d:\p4\personal\sd\simpleminer\temporary\simpleminer_x64_release\simpleminer.tlog\cl.write.1.tlog
d:\p4\personal\sd\simpleminer\temporary\simpleminer_x64_release\simpleminer.tlog\link.command.1.tlog
d:\p4\personal\sd\simpleminer\temporary\simpleminer_x64_release\simpleminer.tlog\link.read.1.tlog
d:\p4\personal\sd\simpleminer\temporary\simpleminer_x64_release\simpleminer.tlog\link.secondary.1.tlog
d:\p4\personal\sd\simpleminer\temporary\simpleminer_x64_release\simpleminer.tlog\link.write.1.tlog
