d:\p4\personal\sd\simpleminer\temporary\engine_x64_debug\engine.pdb
d:\p4\personal\sd\simpleminer\temporary\engine_x64_debug\engine.idb
d:\p4\personal\sd\simpleminer\temporary\engine_x64_debug\analogjoystick.obj
d:\p4\personal\sd\simpleminer\temporary\engine_x64_debug\xmlutils.obj
d:\p4\personal\sd\simpleminer\temporary\engine_x64_debug\vertex_pcu.obj
d:\p4\personal\sd\simpleminer\temporary\engine_x64_debug\vertexutils.obj
d:\p4\personal\sd\simpleminer\temporary\engine_x64_debug\timer.obj
d:\p4\personal\sd\simpleminer\temporary\engine_x64_debug\time.obj
d:\p4\personal\sd\simpleminer\temporary\engine_x64_debug\stringutils.obj
d:\p4\personal\sd\simpleminer\temporary\engine_x64_debug\rgba8.obj
d:\p4\personal\sd\simpleminer\temporary\engine_x64_debug\raycastutils.obj
d:\p4\personal\sd\simpleminer\temporary\engine_x64_debug\namedstrings.obj
d:\p4\personal\sd\simpleminer\temporary\engine_x64_debug\image.obj
d:\p4\personal\sd\simpleminer\temporary\engine_x64_debug\heatmaps.obj
d:\p4\personal\sd\simpleminer\temporary\engine_x64_debug\fileutils.obj
d:\p4\personal\sd\simpleminer\temporary\engine_x64_debug\eventsystem.obj
d:\p4\personal\sd\simpleminer\temporary\engine_x64_debug\errorwarningassert.obj
d:\p4\personal\sd\simpleminer\temporary\engine_x64_debug\enginecommon.obj
d:\p4\personal\sd\simpleminer\temporary\engine_x64_debug\devconsole.obj
d:\p4\personal\sd\simpleminer\temporary\engine_x64_debug\clock.obj
d:\p4\personal\sd\simpleminer\temporary\engine_x64_debug\audiosystem.obj
d:\p4\personal\sd\simpleminer\temporary\engine_x64_debug\tinyxml2.obj
d:\p4\personal\sd\simpleminer\temporary\engine_x64_debug\vec3.obj
d:\p4\personal\sd\simpleminer\temporary\engine_x64_debug\vec2.obj
d:\p4\personal\sd\simpleminer\temporary\engine_x64_debug\spline.obj
d:\p4\personal\sd\simpleminer\temporary\engine_x64_debug\randomnumbergenerator.obj
d:\p4\personal\sd\simpleminer\temporary\engine_x64_debug\plane3.obj
d:\p4\personal\sd\simpleminer\temporary\engine_x64_debug\obb3.obj
d:\p4\personal\sd\simpleminer\temporary\engine_x64_debug\obb2.obj
d:\p4\personal\sd\simpleminer\temporary\engine_x64_debug\mathutils.obj
d:\p4\personal\sd\simpleminer\temporary\engine_x64_debug\mat44.obj
d:\p4\personal\sd\simpleminer\temporary\engine_x64_debug\linesegment2.obj
d:\p4\personal\sd\simpleminer\temporary\engine_x64_debug\intvec2.obj
d:\p4\personal\sd\simpleminer\temporary\engine_x64_debug\intrange.obj
d:\p4\personal\sd\simpleminer\temporary\engine_x64_debug\floatrange.obj
d:\p4\personal\sd\simpleminer\temporary\engine_x64_debug\eulerangles.obj
d:\p4\personal\sd\simpleminer\temporary\engine_x64_debug\capsule2.obj
d:\p4\personal\sd\simpleminer\temporary\engine_x64_debug\aabb3.obj
d:\p4\personal\sd\simpleminer\temporary\engine_x64_debug\aabb2.obj
d:\p4\personal\sd\simpleminer\temporary\engine_x64_debug\xboxcontroller.obj
d:\p4\personal\sd\simpleminer\temporary\engine_x64_debug\keybuttonstate.obj
d:\p4\personal\sd\simpleminer\temporary\engine_x64_debug\inputsystem.obj
d:\p4\personal\sd\simpleminer\temporary\engine_x64_debug\window.obj
d:\p4\personal\sd\simpleminer\temporary\engine_x64_debug\vertexbuffer.obj
d:\p4\personal\sd\simpleminer\temporary\engine_x64_debug\texture.obj
d:\p4\personal\sd\simpleminer\temporary\engine_x64_debug\spritesheet.obj
d:\p4\personal\sd\simpleminer\temporary\engine_x64_debug\spritedefinition.obj
d:\p4\personal\sd\simpleminer\temporary\engine_x64_debug\spriteanimdefinition.obj
d:\p4\personal\sd\simpleminer\temporary\engine_x64_debug\shader.obj
d:\p4\personal\sd\simpleminer\temporary\engine_x64_debug\renderer.obj
d:\p4\personal\sd\simpleminer\temporary\engine_x64_debug\indexbuffer.obj
d:\p4\personal\sd\simpleminer\temporary\engine_x64_debug\debugrender.obj
d:\p4\personal\sd\simpleminer\temporary\engine_x64_debug\constantbuffer.obj
d:\p4\personal\sd\simpleminer\temporary\engine_x64_debug\camera.obj
d:\p4\personal\sd\simpleminer\temporary\engine_x64_debug\bitmapfont.obj
d:\p4\personal\sd\simpleminer\temporary\engine_x64_debug\vec4.obj
d:\p4\personal\sd\simpleminer\temporary\engine_x64_debug\intvec3.obj
d:\p4\personal\sd\simpleminer\temporary\engine_x64_debug\engine.lib
d:\p4\personal\sd\simpleminer\temporary\engine_x64_debug\engine.vcxproj.filelistabsolute.txt
d:\p4\personal\sd\simpleminer\temporary\engine_x64_debug\engine.tlog\cl.command.1.tlog
d:\p4\personal\sd\simpleminer\temporary\engine_x64_debug\engine.tlog\cl.items.tlog
d:\p4\personal\sd\simpleminer\temporary\engine_x64_debug\engine.tlog\cl.read.1.tlog
d:\p4\personal\sd\simpleminer\temporary\engine_x64_debug\engine.tlog\cl.write.1.tlog
d:\p4\personal\sd\simpleminer\temporary\engine_x64_debug\engine.tlog\lib-link.read.1.tlog
d:\p4\personal\sd\simpleminer\temporary\engine_x64_debug\engine.tlog\lib-link.write.1.tlog
d:\p4\personal\sd\simpleminer\temporary\engine_x64_debug\engine.tlog\lib.command.1.tlog
