  imgui_impl_dx11.cpp
  imgui_impl_win32.cpp
  imgui.cpp
  imgui_demo.cpp
  imgui_draw.cpp
  imgui_tables.cpp
  imgui_widgets.cpp
  SmoothNoise.cpp
  AudioSystem.cpp
  Clock.cpp
  DevConsole.cpp
  EngineCommon.cpp
  ErrorWarningAssert.cpp
  EventSystem.cpp
  FileUtils.cpp
  HeatMaps.cpp
  Image.cpp
  NamedStrings.cpp
  ObjLoader.cpp
  RaycastUtils.cpp
  Compiling...
  Rgba8.cpp
  StringUtils.cpp
  VertexUtils.cpp
  Vertex_PCU.cpp
  XmlUtils.cpp
  AnalogJoystick.cpp
  InputSystem.cpp
  XboxController.cpp
  AABB2.cpp
  AABB3.cpp
  Capsule2.cpp
  Capsule3.cpp
  EulerAngles.cpp
  FloatRange.cpp
  IntVec2.cpp
  IntVec3.cpp
  LineSegment2.cpp
  LineSegment3.cpp
  Mat44.cpp
  MathUtils.cpp
  Compiling...
  OBB2.cpp
  OBB3.cpp
  Plane3.cpp
  Quaternion.cpp
  Spline.cpp
  Vec2.cpp
  Vec3.cpp
  Vec4.cpp
  NetworkSystem.cpp
  BitmapFont.cpp
  Camera.cpp
  ConstantBuffer.cpp
  CPUMesh.cpp
  DebugRender.cpp
  GPUMesh.cpp
  IndexBuffer.cpp
  Material.cpp
  Renderer.cpp
  Shader.cpp
  SpriteAnimDefinition.cpp
  Compiling...
  SpriteDefinition.cpp
  SpriteSheet.cpp
  Texture.cpp
  VertexBuffer.cpp
  Button.cpp
  Canvas.cpp
  Checkbox.cpp
  Panel.cpp
  Slider.cpp
  Text.cpp
  UIElement.cpp
  UISystem.cpp
  Window.cpp
  Engine.vcxproj -> D:\p4\Personal\SD\SimpleMiner\Temporary\Engine_x64_Release\Engine.lib
