d:\p4\personal\sd\simpleminer\temporary\engine_x64_release\engine.pdb
d:\p4\personal\sd\simpleminer\temporary\engine_x64_release\analogjoystick.obj
d:\p4\personal\sd\simpleminer\temporary\engine_x64_release\xmlutils.obj
d:\p4\personal\sd\simpleminer\temporary\engine_x64_release\vertex_pcu.obj
d:\p4\personal\sd\simpleminer\temporary\engine_x64_release\vertexutils.obj
d:\p4\personal\sd\simpleminer\temporary\engine_x64_release\timer.obj
d:\p4\personal\sd\simpleminer\temporary\engine_x64_release\time.obj
d:\p4\personal\sd\simpleminer\temporary\engine_x64_release\stringutils.obj
d:\p4\personal\sd\simpleminer\temporary\engine_x64_release\rgba8.obj
d:\p4\personal\sd\simpleminer\temporary\engine_x64_release\raycastutils.obj
d:\p4\personal\sd\simpleminer\temporary\engine_x64_release\namedstrings.obj
d:\p4\personal\sd\simpleminer\temporary\engine_x64_release\image.obj
d:\p4\personal\sd\simpleminer\temporary\engine_x64_release\heatmaps.obj
d:\p4\personal\sd\simpleminer\temporary\engine_x64_release\fileutils.obj
d:\p4\personal\sd\simpleminer\temporary\engine_x64_release\eventsystem.obj
d:\p4\personal\sd\simpleminer\temporary\engine_x64_release\errorwarningassert.obj
d:\p4\personal\sd\simpleminer\temporary\engine_x64_release\enginecommon.obj
d:\p4\personal\sd\simpleminer\temporary\engine_x64_release\devconsole.obj
d:\p4\personal\sd\simpleminer\temporary\engine_x64_release\clock.obj
d:\p4\personal\sd\simpleminer\temporary\engine_x64_release\audiosystem.obj
d:\p4\personal\sd\simpleminer\temporary\engine_x64_release\tinyxml2.obj
d:\p4\personal\sd\simpleminer\temporary\engine_x64_release\vec2.obj
d:\p4\personal\sd\simpleminer\temporary\engine_x64_release\spline.obj
d:\p4\personal\sd\simpleminer\temporary\engine_x64_release\randomnumbergenerator.obj
d:\p4\personal\sd\simpleminer\temporary\engine_x64_release\plane3.obj
d:\p4\personal\sd\simpleminer\temporary\engine_x64_release\obb3.obj
d:\p4\personal\sd\simpleminer\temporary\engine_x64_release\obb2.obj
d:\p4\personal\sd\simpleminer\temporary\engine_x64_release\mathutils.obj
d:\p4\personal\sd\simpleminer\temporary\engine_x64_release\mat44.obj
d:\p4\personal\sd\simpleminer\temporary\engine_x64_release\linesegment2.obj
d:\p4\personal\sd\simpleminer\temporary\engine_x64_release\intvec3.obj
d:\p4\personal\sd\simpleminer\temporary\engine_x64_release\intvec2.obj
d:\p4\personal\sd\simpleminer\temporary\engine_x64_release\intrange.obj
d:\p4\personal\sd\simpleminer\temporary\engine_x64_release\floatrange.obj
d:\p4\personal\sd\simpleminer\temporary\engine_x64_release\eulerangles.obj
d:\p4\personal\sd\simpleminer\temporary\engine_x64_release\capsule2.obj
d:\p4\personal\sd\simpleminer\temporary\engine_x64_release\aabb3.obj
d:\p4\personal\sd\simpleminer\temporary\engine_x64_release\aabb2.obj
d:\p4\personal\sd\simpleminer\temporary\engine_x64_release\xboxcontroller.obj
d:\p4\personal\sd\simpleminer\temporary\engine_x64_release\keybuttonstate.obj
d:\p4\personal\sd\simpleminer\temporary\engine_x64_release\inputsystem.obj
d:\p4\personal\sd\simpleminer\temporary\engine_x64_release\window.obj
d:\p4\personal\sd\simpleminer\temporary\engine_x64_release\vertexbuffer.obj
d:\p4\personal\sd\simpleminer\temporary\engine_x64_release\texture.obj
d:\p4\personal\sd\simpleminer\temporary\engine_x64_release\spritesheet.obj
d:\p4\personal\sd\simpleminer\temporary\engine_x64_release\spritedefinition.obj
d:\p4\personal\sd\simpleminer\temporary\engine_x64_release\spriteanimdefinition.obj
d:\p4\personal\sd\simpleminer\temporary\engine_x64_release\shader.obj
d:\p4\personal\sd\simpleminer\temporary\engine_x64_release\renderer.obj
d:\p4\personal\sd\simpleminer\temporary\engine_x64_release\indexbuffer.obj
d:\p4\personal\sd\simpleminer\temporary\engine_x64_release\debugrender.obj
d:\p4\personal\sd\simpleminer\temporary\engine_x64_release\constantbuffer.obj
d:\p4\personal\sd\simpleminer\temporary\engine_x64_release\camera.obj
d:\p4\personal\sd\simpleminer\temporary\engine_x64_release\bitmapfont.obj
d:\p4\personal\sd\simpleminer\temporary\engine_x64_release\vec4.obj
d:\p4\personal\sd\simpleminer\temporary\engine_x64_release\vec3.obj
d:\p4\personal\sd\simpleminer\temporary\engine_x64_release\engine.lib
d:\p4\personal\sd\simpleminer\temporary\engine_x64_release\engine.vcxproj.filelistabsolute.txt
d:\p4\personal\sd\simpleminer\temporary\engine_x64_release\engine.tlog\cl.command.1.tlog
d:\p4\personal\sd\simpleminer\temporary\engine_x64_release\engine.tlog\cl.items.tlog
d:\p4\personal\sd\simpleminer\temporary\engine_x64_release\engine.tlog\cl.read.1.tlog
d:\p4\personal\sd\simpleminer\temporary\engine_x64_release\engine.tlog\cl.write.1.tlog
d:\p4\personal\sd\simpleminer\temporary\engine_x64_release\engine.tlog\lib-link.read.1.tlog
d:\p4\personal\sd\simpleminer\temporary\engine_x64_release\engine.tlog\lib-link.write.1.tlog
d:\p4\personal\sd\simpleminer\temporary\engine_x64_release\engine.tlog\lib.command.1.tlog
